<?xml version="1.0" encoding="UTF-8"?>
<testng-results ignored="1" total="2" passed="0" failed="1" skipped="0">
  <reporter-output>
  </reporter-output>
  <suite started-at="2021-09-04T18:05:33 IST" name="Default suite" finished-at="2021-09-04T18:05:35 IST" duration-ms="2718">
    <groups>
    </groups>
    <test started-at="2021-09-04T18:05:33 IST" name="Default test" finished-at="2021-09-04T18:05:35 IST" duration-ms="2718">
      <class name="Test.BuyPuzzelForKid">
        <test-method signature="buyProducTest1()[pri:0, instance:Test.BuyPuzzelForKid@3901d134]" started-at="2021-09-04T18:05:33 IST" name="buyProducTest1" finished-at="2021-09-04T18:05:35 IST" duration-ms="2537" status="FAIL">
          <exception class="org.openqa.selenium.SessionNotCreatedException">
            <message>
              <![CDATA[session not created: This version of ChromeDriver only supports Chrome version 91
Current browser version is 93.0.4577.63 with binary path C:\Program Files\Google\Chrome\Application\chrome.exe
Build info: version: '3.141.59', revision: 'e82be7d358', time: '2018-11-14T08:25:53'
System info: host: 'GSM-PC', ip: '192.168.56.1', os.name: 'Windows 7', os.arch: 'amd64', os.version: '6.1', java.version: '16.0.1'
Driver info: driver.version: ChromeDriver
remote stacktrace: Backtrace:
Ordinal0 [0x00C63733+2504499]
Ordinal0 [0x00BFC401+2081793]
Ordinal0 [0x00B02628+1058344]
Ordinal0 [0x00B2071A+1181466]
Ordinal0 [0x00B1C58C+1164684]
Ordinal0 [0x00B19DC3+1154499]
Ordinal0 [0x00B49B82+1350530]
Ordinal0 [0x00B497DA+1349594]
Ordinal0 [0x00B45D4B+1334603]
Ordinal0 [0x00B222B4+1188532]
Ordinal0 [0x00B23149+1192265]
GetHandleVerifier [0x00DDFB8C+1512252]
GetHandleVerifier [0x00E8B0DF+2214031]
GetHandleVerifier [0x00CE4BC3+484211]
GetHandleVerifier [0x00CE3E69+480793]
Ordinal0 [0x00C0218D+2105741]
Ordinal0 [0x00C066E8+2123496]
Ordinal0 [0x00C06827+2123815]
Ordinal0 [0x00C0FB73+2161523]
BaseThreadInitThunk [0x75413677+18]
RtlInitializeExceptionChain [0x77339D42+99]
RtlInitializeExceptionChain [0x77339D15+54]
]]>
            </message>
            <full-stacktrace>
              <![CDATA[org.openqa.selenium.SessionNotCreatedException: session not created: This version of ChromeDriver only supports Chrome version 91
Current browser version is 93.0.4577.63 with binary path C:\Program Files\Google\Chrome\Application\chrome.exe
Build info: version: '3.141.59', revision: 'e82be7d358', time: '2018-11-14T08:25:53'
System info: host: 'GSM-PC', ip: '192.168.56.1', os.name: 'Windows 7', os.arch: 'amd64', os.version: '6.1', java.version: '16.0.1'
Driver info: driver.version: ChromeDriver
remote stacktrace: Backtrace:
Ordinal0 [0x00C63733+2504499]
Ordinal0 [0x00BFC401+2081793]
Ordinal0 [0x00B02628+1058344]
Ordinal0 [0x00B2071A+1181466]
Ordinal0 [0x00B1C58C+1164684]
Ordinal0 [0x00B19DC3+1154499]
Ordinal0 [0x00B49B82+1350530]
Ordinal0 [0x00B497DA+1349594]
Ordinal0 [0x00B45D4B+1334603]
Ordinal0 [0x00B222B4+1188532]
Ordinal0 [0x00B23149+1192265]
GetHandleVerifier [0x00DDFB8C+1512252]
GetHandleVerifier [0x00E8B0DF+2214031]
GetHandleVerifier [0x00CE4BC3+484211]
GetHandleVerifier [0x00CE3E69+480793]
Ordinal0 [0x00C0218D+2105741]
Ordinal0 [0x00C066E8+2123496]
Ordinal0 [0x00C06827+2123815]
Ordinal0 [0x00C0FB73+2161523]
BaseThreadInitThunk [0x75413677+18]
RtlInitializeExceptionChain [0x77339D42+99]
RtlInitializeExceptionChain [0x77339D15+54]

at java.base/jdk.internal.reflect.NativeConstructorAccessorImpl.newInstance0(Native Method)
at java.base/jdk.internal.reflect.NativeConstructorAccessorImpl.newInstance(NativeConstructorAccessorImpl.java:78)
at java.base/jdk.internal.reflect.DelegatingConstructorAccessorImpl.newInstance(DelegatingConstructorAccessorImpl.java:45)
at java.base/java.lang.reflect.Constructor.newInstanceWithCaller(Constructor.java:499)
at java.base/java.lang.reflect.Constructor.newInstance(Constructor.java:480)
at org.openqa.selenium.remote.W3CHandshakeResponse.lambda$errorHandler$0(W3CHandshakeResponse.java:62)
at org.openqa.selenium.remote.HandshakeResponse.lambda$getResponseFunction$0(HandshakeResponse.java:30)
at org.openqa.selenium.remote.ProtocolHandshake.lambda$createSession$0(ProtocolHandshake.java:126)
at java.base/java.util.stream.ReferencePipeline$3$1.accept(ReferencePipeline.java:197)
at java.base/java.util.Spliterators$ArraySpliterator.tryAdvance(Spliterators.java:958)
at java.base/java.util.stream.ReferencePipeline.forEachWithCancel(ReferencePipeline.java:129)
at java.base/java.util.stream.AbstractPipeline.copyIntoWithCancel(AbstractPipeline.java:502)
at java.base/java.util.stream.AbstractPipeline.copyInto(AbstractPipeline.java:488)
at java.base/java.util.stream.AbstractPipeline.wrapAndCopyInto(AbstractPipeline.java:474)
at java.base/java.util.stream.FindOps$FindOp.evaluateSequential(FindOps.java:150)
at java.base/java.util.stream.AbstractPipeline.evaluate(AbstractPipeline.java:234)
at java.base/java.util.stream.ReferencePipeline.findFirst(ReferencePipeline.java:647)
at org.openqa.selenium.remote.ProtocolHandshake.createSession(ProtocolHandshake.java:128)
at org.openqa.selenium.remote.ProtocolHandshake.createSession(ProtocolHandshake.java:74)
at org.openqa.selenium.remote.HttpCommandExecutor.execute(HttpCommandExecutor.java:136)
at org.openqa.selenium.remote.service.DriverCommandExecutor.execute(DriverCommandExecutor.java:83)
at org.openqa.selenium.remote.RemoteWebDriver.execute(RemoteWebDriver.java:552)
at org.openqa.selenium.remote.RemoteWebDriver.startSession(RemoteWebDriver.java:213)
at org.openqa.selenium.remote.RemoteWebDriver.<init>(RemoteWebDriver.java:131)
at org.openqa.selenium.chrome.ChromeDriver.<init>(ChromeDriver.java:181)
at org.openqa.selenium.chrome.ChromeDriver.<init>(ChromeDriver.java:168)
at org.openqa.selenium.chrome.ChromeDriver.<init>(ChromeDriver.java:123)
at common.IInvokedFn.beforeInvocation(IInvokedFn.java:21)
at org.testng.internal.invokers.InvokedMethodListenerInvoker.invokeListener(InvokedMethodListenerInvoker.java:56)
at org.testng.internal.BaseInvoker.runInvokedMethodListeners(BaseInvoker.java:56)
at org.testng.internal.TestInvoker.invokeMethod(TestInvoker.java:573)
at org.testng.internal.TestInvoker.invokeTestMethod(TestInvoker.java:173)
at org.testng.internal.MethodRunner.runInSequence(MethodRunner.java:46)
at org.testng.internal.TestInvoker$MethodInvocationAgent.invoke(TestInvoker.java:824)
at org.testng.internal.TestInvoker.invokeTestMethods(TestInvoker.java:146)
at org.testng.internal.TestMethodWorker.invokeTestMethods(TestMethodWorker.java:146)
at org.testng.internal.TestMethodWorker.run(TestMethodWorker.java:128)
at java.base/java.util.ArrayList.forEach(ArrayList.java:1511)
at org.testng.TestRunner.privateRun(TestRunner.java:794)
at org.testng.TestRunner.run(TestRunner.java:596)
at org.testng.SuiteRunner.runTest(SuiteRunner.java:377)
at org.testng.SuiteRunner.runSequentially(SuiteRunner.java:371)
at org.testng.SuiteRunner.privateRun(SuiteRunner.java:332)
at org.testng.SuiteRunner.run(SuiteRunner.java:276)
at org.testng.SuiteRunnerWorker.runSuite(SuiteRunnerWorker.java:53)
at org.testng.SuiteRunnerWorker.run(SuiteRunnerWorker.java:96)
at org.testng.TestNG.runSuitesSequentially(TestNG.java:1212)
at org.testng.TestNG.runSuitesLocally(TestNG.java:1134)
at org.testng.TestNG.runSuites(TestNG.java:1063)
at org.testng.TestNG.run(TestNG.java:1031)
at org.testng.remote.AbstractRemoteTestNG.run(AbstractRemoteTestNG.java:115)
at org.testng.remote.RemoteTestNG.initAndRun(RemoteTestNG.java:251)
at org.testng.remote.RemoteTestNG.main(RemoteTestNG.java:77)
]]>
            </full-stacktrace>
          </exception> <!-- org.openqa.selenium.SessionNotCreatedException -->
          <reporter-output>
          </reporter-output>
        </test-method> <!-- buyProducTest1 -->
      </class> <!-- Test.BuyPuzzelForKid -->
    </test> <!-- Default test -->
  </suite> <!-- Default suite -->
</testng-results>
